[20:09:19] [main/INFO]: Setting user: Player676
[20:09:20] [Client thread/INFO]: LWJGL Version: 2.9.1
[20:09:29] [Client thread/INFO]: Reloading ResourceManager: Default, FMLFileResourcePack:Forge Mod Loader, FMLFileResourcePack:Minecraft Forge, FMLFileResourcePack:PrehistoriCraft, FMLFileResourcePack:LLibrary
[20:09:30] [Sound Library Loader/INFO]: Sound engine started
[20:09:31] [Client thread/INFO]: Created: 16x16 textures/blocks-atlas
[20:09:31] [Client thread/INFO]: Created: 16x16 textures/items-atlas
[20:09:34] [Client thread/INFO]: Reloading ResourceManager: Default, FMLFileResourcePack:Forge Mod Loader, FMLFileResourcePack:Minecraft Forge, FMLFileResourcePack:PrehistoriCraft, FMLFileResourcePack:LLibrary
[20:09:34] [Client thread/INFO]: Created: 256x256 textures/items-atlas
[20:09:34] [Client thread/INFO]: Created: 512x256 textures/blocks-atlas
[20:09:35] [Sound Library Loader/INFO]: Sound engine started
[20:10:01] [Server thread/INFO]: Starting integrated minecraft server version 1.7.10
[20:10:01] [Server thread/INFO]: Generating keypair
[20:10:02] [Server thread/INFO]: Preparing start region for level 0
[20:10:03] [Server thread/INFO]: Changing view distance to 12, from 10
[20:10:03] [Server thread/INFO]: Player676[local:E:87921b01] logged in with entity id 300 at (-538.3963523883875, 18.484861213048866, 432.11621433061936)
[20:10:03] [Server thread/INFO]: Player676 joined the game
[20:10:17] [Server thread/INFO]: Player676 has just earned the achievement [Taking Inventory]
[20:10:17] [Client thread/INFO]: [CHAT] Player676 has just earned the achievement [Taking Inventory]
[20:10:26] [Server thread/WARN]: Skipping Entity with id 28
[20:10:27] [Server thread/WARN]: Skipping Entity with id 28
[20:10:27] [Server thread/WARN]: Skipping Entity with id 28
[20:10:27] [Server thread/WARN]: Skipping Entity with id 28
[20:10:27] [Server thread/WARN]: Skipping Entity with id 28
[20:10:30] [Server thread/WARN]: Skipping Entity with id 28
[20:10:30] [Server thread/WARN]: Skipping Entity with id 28
[20:10:30] [Server thread/WARN]: Skipping Entity with id 28
[20:10:30] [Server thread/WARN]: Skipping Entity with id 28
[20:10:40] [Client thread/INFO]: Stopping!
[20:10:40] [Server thread/INFO]: Stopping server
[20:10:40] [Server thread/INFO]: Saving players
[20:10:40] [Server thread/INFO]: Saving worlds
[20:10:40] [Server thread/INFO]: Saving chunks for level 'PrehistoriCraft Test World'/Overworld
[20:10:40] [Server thread/INFO]: Saving chunks for level 'PrehistoriCraft Test World'/Nether
[20:10:40] [Server thread/INFO]: Saving chunks for level 'PrehistoriCraft Test World'/The End
[20:10:40] [Client Shutdown Thread/INFO]: Stopping server
[20:10:40] [Client Shutdown Thread/INFO]: Saving players
